<?xml version="1.0" encoding="UTF-8"?>
<Site BuildName="(empty)"
	BuildStamp="20241218-1221-Experimental"
	Name="(empty)"
	Generator="ctest-3.31.2"
	CompilerName=""
	CompilerVersion=""
	OSName="Windows"
	Hostname="MSIVECTOR17_UNI"
	OSRelease=" Professional"
	OSVersion=" (Build 26100)"
	OSPlatform="AMD64"
	Is64Bits="1"
	VendorString="GenuineIntel"
	VendorID="Intel Corporation"
	FamilyID="6"
	ModelID="7"
	ModelName=""
	ProcessorCacheSize="-1"
	NumberOfLogicalCPU="32"
	NumberOfPhysicalCPU="24"
	TotalVirtualMemory="32467"
	TotalPhysicalMemory="30419"
	LogicalProcessorsPerPhysical="1"
	ProcessorClockFrequency="2419"
	>
	<Testing>
		<StartDateTime>Dec 18 20:27 Hora est[NON-UTF-8-BYTE-0xE1]ndar romance</StartDateTime>
		<StartTestTime>1734550039</StartTestTime>
		<TestList/>
		<EndDateTime>Dec 18 20:27 Hora est[NON-UTF-8-BYTE-0xE1]ndar romance</EndDateTime>
		<EndTestTime>1734550039</EndTestTime>
		<ElapsedMinutes>0</ElapsedMinutes>
	</Testing>
</Site>
