<?xml version="1.0" encoding="UTF-8"?>
<Site BuildName="(empty)"
	BuildStamp="20241218-1221-Experimental"
	Name="(empty)"
	Generator="ctest-3.31.2"
	CompilerName=""
	CompilerVersion=""
	OSName="Windows"
	Hostname="MSIVECTOR17_UNI"
	OSRelease=" Professional"
	OSVersion=" (Build 26100)"
	OSPlatform="AMD64"
	Is64Bits="1"
	VendorString="GenuineIntel"
	VendorID="Intel Corporation"
	FamilyID="6"
	ModelID="7"
	ModelName=""
	ProcessorCacheSize="-1"
	NumberOfLogicalCPU="32"
	NumberOfPhysicalCPU="24"
	TotalVirtualMemory="32467"
	TotalPhysicalMemory="30419"
	LogicalProcessorsPerPhysical="1"
	ProcessorClockFrequency="2419"
	>
	<Testing>
		<StartDateTime>Dec 18 13:22 Hora est[NON-UTF-8-BYTE-0xE1]ndar romance</StartDateTime>
		<StartTestTime>1734524555</StartTestTime>
		<TestList>
			<Test>./CompiladorCorrecto</Test>
		</TestList>
		<Test Status="passed">
			<Name>CompiladorCorrecto</Name>
			<Path>.</Path>
			<FullName>./CompiladorCorrecto</FullName>
			<FullCommandLine>"C:\Program Files\CMake\bin\cmake.exe" "-E" "echo" "Compilador: GNU, Versión: 13.2.0"</FullCommandLine>
			<Results>
				<NamedMeasurement type="numeric/double" name="Execution Time">
					<Value>0.0144438</Value>
				</NamedMeasurement>
				<NamedMeasurement type="numeric/double" name="Processors">
					<Value>1</Value>
				</NamedMeasurement>
				<NamedMeasurement type="text/string" name="Completion Status">
					<Value>Completed</Value>
				</NamedMeasurement>
				<NamedMeasurement type="text/string" name="Command Line">
					<Value>"C:\Program Files\CMake\bin\cmake.exe" "-E" "echo" "Compilador: GNU, Versión: 13.2.0"</Value>
				</NamedMeasurement>
				<NamedMeasurement type="text/string" name="Environment">
					<Value>#CTEST_RESOURCE_GROUP_COUNT=</Value>
				</NamedMeasurement>
				<Measurement>
					<Value>Compilador: GNU, Versión: 13.2.0
</Value>
				</Measurement>
			</Results>
		</Test>
		<EndDateTime>Dec 18 13:22 Hora est[NON-UTF-8-BYTE-0xE1]ndar romance</EndDateTime>
		<EndTestTime>1734524555</EndTestTime>
		<ElapsedMinutes>0</ElapsedMinutes>
	</Testing>
</Site>
